<?xml version="1.0" encoding="UTF-8"?>
<!-- Generated by org.testng.reporters.JUnitXMLReporter -->
<testsuite hostname="Andreis-MacBook-Pro.local" ignored="0" name="Define Report Test" tests="3" failures="0" timestamp="2020-06-09T13:20:59 EDT" time="46.504" errors="0">
  <testcase name="defineReports" time="11.825" classname="com.hrms.testcases.DefineReportsTest"/>
  <testcase name="defineReports" time="11.142" classname="com.hrms.testcases.DefineReportsTest"/>
  <testcase name="defineReports" time="12.524" classname="com.hrms.testcases.DefineReportsTest"/>
</testsuite> <!-- Define Report Test -->
